<?xml version="1.0" encoding="UTF-8"?>
<invariants xmlns="http://www.citeck.ru/ecos/invariants/1.0">
	
	<imports>
		<import uri="http://www.alfresco.org/model/dictionary/1.0" prefix="d" />
		<import uri="http://www.alfresco.org/model/content/1.0" prefix="cm" />
	</imports>

	<!--TODO: add tests invariants for the Citeck forms-->

</invariants>