<?xml version="1.0" encoding="UTF-8"?>
<views xmlns="http://www.citeck.ru/ecos/views/1.0">
	
	<imports>
		<import uri="http://www.alfresco.org/model/dictionary/1.0" prefix="d" />
		<import uri="http://www.alfresco.org/model/content/1.0" prefix="cm" />

	</imports>

</views>