<?xml version='1.0' encoding='UTF-8'?>
<!DOCTYPE beans PUBLIC '-//SPRING//DTD BEAN//EN' 'http://www.springframework.org/dtd/spring-beans.dtd'>
<beans>

	<!-- alfresco -->
    <import resource="classpath*:web-application-context.xml" />

	<!-- share -->
    <import resource="classpath*:web-application-config.xml" />
	
</beans>
