<?xml version="1.0" encoding="UTF-8"?>
<invariants xmlns="http://www.citeck.ru/ecos/invariants/1.0">
	
	<imports>
		<import uri="http://www.alfresco.org/model/dictionary/1.0" prefix="d" />
		<import uri="http://www.alfresco.org/model/content/1.0" prefix="cm" />
		
		<import uri="http://www.citeck.ru/model/content/classification/tk/1.0" prefix="tk" />
		<import uri="http://www.citeck.ru/model/passport/1.0" prefix="pass" />
	</imports>
	
	<aspect name="tk:documentTypeKind">
		<property name="tk:type">
			<invariant on="options" language="criteria">
				<criterion attribute="type" predicate="type-equals" value="cm:category" />
				<criterion attribute="parent" predicate="parent-equals" value="workspace://SpacesStore/category-document-type-root" />
			</invariant>
		</property>
	</aspect>
	
	<property name="tk:kind">
		<invariant on="options" language="criteria">
			<criterion attribute="type" predicate="type-equals" value="cm:category" />
			<criterion attribute="parent" predicate="parent-equals" value="${node.properties['tk:type'].nodeRef}" />
		</invariant>
		<invariant on="relevant" language="javascript">node.properties["tk:type"] != null</invariant>
		
		<type name="pass:passport">
			<invariant on="title" language="javascript">"Document Kind"</invariant>
			<invariant on="description" language="freemarker">Kind of passport, or another identifying document</invariant>
		</type>
	</property>
	
	<type name="pass:passport">
		<property name="tk:type">
			<invariant on="value" language="explicit">workspace://SpacesStore/idocs-cat-doctype-passport</invariant>
		</property>
		<property name="tk:kind">
			<invariant on="mandatory" language="explicit">true</invariant>
			<invariant on="default" language="explicit">workspace://SpacesStore/idocs-cat-dockind-passport-rus</invariant>
			<invariant on="title" language="javascript">"Document Kind"</invariant>
			<invariant on="description" language="freemarker">Kind of passport, or another identifying document</invariant>
		</property>
		
		<property name="parent">
			<invariant on="default" language="criteria">
				<criterion attribute="path" predicate="path-equals" value="/app:company_home/app:dictionary/cm:dataLists/cm:passports" />
			</invariant>
		</property>
	
		<property name="pass:series">
			<invariant on="relevant" language="javascript">node.properties["tk:kind"] != null &amp;&amp; node.properties["tk:kind"].nodeRef == "workspace://SpacesStore/idocs-cat-dockind-passport-rus"</invariant>
			<invariant on="mandatory" language="explicit">true</invariant>
			<invariant on="valid" language="javascript" description="Passport series should be 4-digit">value.match(/^\d{4}$/) ? true : false</invariant>
		</property>
		<property name="pass:number">
			<invariant on="relevant" language="javascript">node.properties["tk:kind"] != null &amp;&amp; node.properties["tk:kind"].nodeRef == "workspace://SpacesStore/idocs-cat-dockind-passport-rus"</invariant>
			<invariant on="mandatory" language="explicit">true</invariant>
		</property>
		<property name="pass:issueDate">
			<invariant on="relevant" language="javascript">node.properties["tk:kind"] != null &amp;&amp; node.properties["tk:kind"].nodeRef == "workspace://SpacesStore/idocs-cat-dockind-passport-rus"</invariant>
			<invariant on="mandatory" language="explicit">true</invariant>
		</property>
		<property name="pass:issuingAuthority">
			<invariant on="relevant" language="javascript">node.properties["tk:kind"] != null &amp;&amp; node.properties["tk:kind"].nodeRef == "workspace://SpacesStore/idocs-cat-dockind-passport-rus"</invariant>
			<invariant on="mandatory" language="explicit">true</invariant>
		</property>
		<property name="pass:subdivisionCode">
			<invariant on="relevant" language="javascript">node.properties["tk:kind"] != null &amp;&amp; node.properties["tk:kind"].nodeRef == "workspace://SpacesStore/idocs-cat-dockind-passport-rus"</invariant>
			<invariant on="mandatory" language="explicit">true</invariant>
		</property>
		
		<property name="pass:info">
			<invariant on="relevant" language="javascript">node.properties["tk:kind"].nodeRef == "workspace://SpacesStore/idocs-cat-dockind-passport-other"</invariant>
			<invariant on="relevant" language="javascript">false</invariant>
			<invariant on="mandatory" language="explicit">true</invariant>
		</property>
		
		<property name="cm:content">
			<invariant on="title" language="explicit">Scan of document</invariant>
			<invariant on="mandatory" language="explicit">true</invariant>
		</property>
		
	</type>
	
</invariants>